ClientCode/Mobile/app/build/intermediates/manifest_merge_blame_file/release/manifest-merger-blame-release-report.txt
1<?xml version="1.0" encoding="utf-8"?>
2<manifest xmlns:android="http://schemas.android.com/apk/res/android"
3    package="com.example.thermoledmobileclient"
4    android:versionCode="1"
5    android:versionName="1.0" >
6
7    <uses-sdk
8        android:minSdkVersion="27"
8-->src/main/AndroidManifest.xml
9        android:targetSdkVersion="31" />
9-->src/main/AndroidManifest.xml
10
11    <uses-permission android:name="android.permission.INTERNET" />
11-->src/main/AndroidManifest.xml:5:5-67
11-->src/main/AndroidManifest.xml:5:22-64
12
13    <application
13-->src/main/AndroidManifest.xml:7:5-41:19
14        android:allowBackup="true"
14-->src/main/AndroidManifest.xml:8:9-35
15        android:appComponentFactory="androidx.core.app.CoreComponentFactory"
15-->[androidx.core:core:1.5.0] AndroidManifest.xml:24:18-86
16        android:extractNativeLibs="false"
17        android:icon="@mipmap/ic_launcher"
17-->src/main/AndroidManifest.xml:9:9-43
18        android:label="@string/app_name"
18-->src/main/AndroidManifest.xml:10:9-41
19        android:roundIcon="@mipmap/ic_launcher_round"
19-->src/main/AndroidManifest.xml:11:9-54
20        android:supportsRtl="true"
20-->src/main/AndroidManifest.xml:12:9-35
21        android:theme="@style/Theme.ThermoLedMobileClient" >
21-->src/main/AndroidManifest.xml:13:9-59
22        <service
22-->src/main/AndroidManifest.xml:14:9-16:48
23            android:name="com.example.thermoledmobileclient.GRPCService"
23-->src/main/AndroidManifest.xml:15:13-40
24            android:exported="false" />
24-->src/main/AndroidManifest.xml:16:13-37
25
26        <activity
26-->src/main/AndroidManifest.xml:18:9-20:40
27            android:name="com.example.thermoledmobileclient.ProActivity"
27-->src/main/AndroidManifest.xml:19:13-40
28            android:exported="false" />
28-->src/main/AndroidManifest.xml:20:13-37
29        <activity
29-->src/main/AndroidManifest.xml:21:9-31:20
30            android:name="com.example.thermoledmobileclient.ui.login.LoginActivity"
30-->src/main/AndroidManifest.xml:22:13-51
31            android:exported="true"
31-->src/main/AndroidManifest.xml:23:13-36
32            android:label="@string/title_activity_login" >
32-->src/main/AndroidManifest.xml:24:13-57
33            <intent-filter>
33-->src/main/AndroidManifest.xml:25:13-29:29
34                <action android:name="android.intent.action.MAIN" />
34-->src/main/AndroidManifest.xml:26:17-69
34-->src/main/AndroidManifest.xml:26:25-66
35
36                <category android:name="android.intent.category.LAUNCHER" />
36-->src/main/AndroidManifest.xml:28:17-77
36-->src/main/AndroidManifest.xml:28:27-74
37            </intent-filter>
38            <!-- </activity> -->
39        </activity>
40        <activity
40-->src/main/AndroidManifest.xml:32:9-40:20
41            android:name="com.example.thermoledmobileclient.MainActivity"
41-->src/main/AndroidManifest.xml:33:13-41
42            android:parentActivityName="com.example.thermoledmobileclient.ui.login.LoginActivity" >
42-->src/main/AndroidManifest.xml:34:13-65
43
44            <!-- The meta-data tag is required if you support API level 15 and lower -->
45            <meta-data
45-->src/main/AndroidManifest.xml:37:13-39:59
46                android:name="android.support.PARENT_ACTIVITY"
46-->src/main/AndroidManifest.xml:38:17-63
47                android:value=".ui.login.LoginActivity" />
47-->src/main/AndroidManifest.xml:39:17-56
48        </activity>
49    </application>
50
51</manifest>